0 info it worked if it ends with ok
1 verbose cli [ 'node',
1 verbose cli   '/usr/local/lib/node_modules/cnpm/node_modules/.bin/npm',
1 verbose cli   '--userconfig=/home/boooo/.cnpmrc',
1 verbose cli   '--disturl=http://npm.taobao.org/dist',
1 verbose cli   '--cache=/home/boooo/.npm/.cache_cnpm',
1 verbose cli   '--registry=http://registry.npm.taobao.org',
1 verbose cli   'install',
1 verbose cli   'images' ]
2 info using npm@1.4.10
3 info using node@v0.11.13
4 verbose readDependencies using package.json deps
5 verbose cache add [ 'images@^2.0.2', null ]
6 verbose cache add name=undefined spec="images@^2.0.2" args=["images@^2.0.2",null]
7 verbose parsed url { protocol: null,
7 verbose parsed url   slashes: null,
7 verbose parsed url   auth: null,
7 verbose parsed url   host: null,
7 verbose parsed url   port: null,
7 verbose parsed url   hostname: null,
7 verbose parsed url   hash: null,
7 verbose parsed url   search: null,
7 verbose parsed url   query: null,
7 verbose parsed url   pathname: 'images@%5E2.0.2',
7 verbose parsed url   path: 'images@%5E2.0.2',
7 verbose parsed url   href: 'images@%5E2.0.2' }
8 verbose cache add name="images" spec="^2.0.2" args=["images","^2.0.2"]
9 verbose parsed url { protocol: null,
9 verbose parsed url   slashes: null,
9 verbose parsed url   auth: null,
9 verbose parsed url   host: null,
9 verbose parsed url   port: null,
9 verbose parsed url   hostname: null,
9 verbose parsed url   hash: null,
9 verbose parsed url   search: null,
9 verbose parsed url   query: null,
9 verbose parsed url   pathname: '%5E2.0.2',
9 verbose parsed url   path: '%5E2.0.2',
9 verbose parsed url   href: '%5E2.0.2' }
10 verbose addNamed [ 'images', '^2.0.2' ]
11 verbose addNamed [ null, '>=2.0.2-0 <3.0.0-0' ]
12 silly lockFile ed4a9d16-images-2-0-2 images@^2.0.2
13 verbose lock images@^2.0.2 /home/boooo/.npm/.cache_cnpm/ed4a9d16-images-2-0-2.lock
14 silly addNameRange { name: 'images', range: '>=2.0.2-0 <3.0.0-0', hasData: false }
15 verbose url raw images
16 verbose url resolving [ 'http://registry.npm.taobao.org/', './images' ]
17 verbose url resolved http://registry.npm.taobao.org/images
18 info trying registry request attempt 1 at 17:26:30
19 verbose etag "1398839333000"
20 http GET http://registry.npm.taobao.org/images
21 http 304 http://registry.npm.taobao.org/images
22 silly registry.get cb [ 304,
22 silly registry.get   { date: 'Tue, 12 Aug 2014 09:26:30 GMT',
22 silly registry.get     connection: 'close',
22 silly registry.get     'x-powered-by': 'koa',
22 silly registry.get     etag: '"1398839333000"',
22 silly registry.get     'x-readtime': '4' } ]
23 verbose etag images from cache
24 silly addNameRange number 2 { name: 'images', range: '>=2.0.2-0 <3.0.0-0', hasData: true }
25 silly addNameRange versions [ 'images',
25 silly addNameRange   [ '2.0.2',
25 silly addNameRange     '2.0.1',
25 silly addNameRange     '2.0.0',
25 silly addNameRange     '1.1.3',
25 silly addNameRange     '1.1.2',
25 silly addNameRange     '1.1.1',
25 silly addNameRange     '1.1.0',
25 silly addNameRange     '1.0.2',
25 silly addNameRange     '1.0.1',
25 silly addNameRange     '1.0.0' ] ]
26 verbose addNamed [ 'images', '2.0.2' ]
27 verbose addNamed [ '2.0.2', '2.0.2' ]
28 silly lockFile 92ac1ed5-images-2-0-2 images@2.0.2
29 verbose lock images@2.0.2 /home/boooo/.npm/.cache_cnpm/92ac1ed5-images-2-0-2.lock
30 silly lockFile 92ac1ed5-images-2-0-2 images@2.0.2
31 silly lockFile 92ac1ed5-images-2-0-2 images@2.0.2
32 silly lockFile ed4a9d16-images-2-0-2 images@^2.0.2
33 silly lockFile ed4a9d16-images-2-0-2 images@^2.0.2
34 silly resolved [ { name: 'images',
34 silly resolved     version: '2.0.2',
34 silly resolved     description: 'Cross-platform image decoder(png/jpeg/gif) and encoder(png/jpeg) for Node.js',
34 silly resolved     main: 'index.js',
34 silly resolved     bindingsCDN: 'https://raw.githubusercontent.com/zhangyuanwei/node-images/master/bindings/',
34 silly resolved     scripts:
34 silly resolved      { test: 'node test.js',
34 silly resolved        install: '(node ./install.js 2> builderror.log) || (exit 0)' },
34 silly resolved     repository:
34 silly resolved      { type: 'git',
34 silly resolved        url: 'https://github.com/zhangyuanwei/node-images.git' },
34 silly resolved     keywords:
34 silly resolved      [ 'image',
34 silly resolved        'decoder',
34 silly resolved        'encoder',
34 silly resolved        'png',
34 silly resolved        'jpeg',
34 silly resolved        'gif',
34 silly resolved        'cross-platform',
34 silly resolved        'images' ],
34 silly resolved     author: { name: 'ZhangYuanwei', email: 'zhangyuanwei1988@gmail.com' },
34 silly resolved     license: 'MIT',
34 silly resolved     gypfile: true,
34 silly resolved     bugs: { url: 'https://github.com/zhangyuanwei/node-images/issues' },
34 silly resolved     dependencies: { step: '0.0.5' },
34 silly resolved     readme: '![images logo](https://raw.github.com/zhangyuanwei/node-images/master/demo/logo.png)\n===========\n\nCross-platform image decoder(png/jpeg/gif) and encoder(png/jpeg) for Node.js  \nNode.js轻量级跨平台图像编解码库\n\n``` javascript\nvar images = require("images");\n\nimages("input.jpg")                     //Load image from file \n                                        //加载图像文件\n    .size(400)                          //Geometric scaling the image to 400 pixels width\n                                        //等比缩放图像到400像素宽\n    .draw(images("logo.png"), 10, 10)   //Drawn logo at coordinates (10,10)\n                                        //在(10,10)处绘制Logo\n    .save("output.jpg", {               //Save the image to a file,whih quality 50\n        quality : 50                    //保存图片到文件,图片质量为50\n\t});\n```\n## Features 功能特性\n\n* Lightweight:no need to install any image processing library.\n* 轻量级：无需安装任何图像处理库。\n* Cross-platform: Released a compiled .node file on windows, just download and start.\n* 跨平台：Windows下发布了编译好的.node文件,下载就能用。\n* Easy-to-use: Provide jQuery-like chaining API.Simple and reliable!\n* 方便用：jQuery风格的API，简单可依赖。\n\n## Installation 安装\n\t$ npm install images\n\nYou will also need to install:\n\n+ giflib 4.x.x\n+ libpng 1.5.x\n+ jpeg-turbo 1.x.x\n\n## API 接口\n\nnode-images provide jQuery-like Chaining API,You can start the chain like this:  \nnode-images 提供了类似jQuery的链式调用API,您可以这样开始:\n\n```javascript\n/* Load and decode image from file */\n/* 从指定文件加载并解码图像 */\nimages(file)\n\n/* Create a new transparent image */\n/* 创建一个指定宽高的透明图像 */\nimages(width, height)\n\n/* Load and decode image from a buffer */\n/* 从Buffer数据中解码图像 */\nimages(buffer[, start[, end]])\n\n/* Copy from another image */\n/* 从另一个图像中复制区域来创建图像 */\nimages(image[, x, y, width, height])\n```\n\n### images(file)\nLoad and decode image from file  \n从指定文件加载并解码图像\n\n### images(width, height)\nCreate a new transparent image  \n创建一个指定宽高的透明图像\n\n### images(buffer[, start[, end]])\nLoad and decode image from a buffer  \n从Buffer数据中解码图像\n\n### images(image[, x, y, width, height])\nCopy from another image  \n从另一个图像中复制区域来创建图像\n\n### .fill(red, green, blue[, alpha])\neg:`images(200, 100).fill(0xff, 0x00, 0x00, 0.5)`\nFill image with color  \n以指定颜色填充图像\n\n### .draw(image, x, y)\nDraw *image* on the current image position( *x* , *y* )  \n在当前图像( *x* , *y* )上绘制 *image* 图像\n\n### .encode(type[, config])\neg:`images("input.png").encode("jpg", {operation:50})`\nEncode image to buffer, *config* is image setting.  \n以指定格式编码当前图像到Buffer，config为图片设置，目前支持设置JPG图像质量  \nReturn buffer  \n返回填充好的Buffer  \n**Note:The operation will cut off the chain**  \n**注意:该操作将会切断调用链**  \nSee:.save(file[, type[, config]])\n参考:.save(file[, type[, config]])\n\n### .save(file[, type[, config]])\neg:`images("input.png").encode("output.jpg", {operation:50})`\nEncoding and save the current image to a *file*, if the *type* is not specified, *type* well be automatically determined according to the *file*, *config* is image setting. eg: `{ operation:50 }`  \n编码并保存当前图像到 *file* ,如果type未指定,则根据 *file* 自动判断文件类型，config为图片设置，目前支持设置JPG图像质量\n\n### .size([width[, height]])\nGet size of the image or set the size of the image,if the height is not specified, then scaling based on the current width and height  \n获取或者设置图像宽高，如果height未指定，则根据当前宽高等比缩放\n\n### .width([width])\nGet width for the image or set width of the image  \n获取或设置图像宽度\n\n### .height([height])\nGet height for the image or set height of the image  \n获取或设置图像高度\n\n### images.setLimit(width, height)\nSet the limit size of each image  \n设置库处理图片的大小限制,设置后对所有新的操作生效(如果超限则抛出异常)。\n',
34 silly resolved     readmeFilename: 'README.md',
34 silly resolved     homepage: 'https://github.com/zhangyuanwei/node-images',
34 silly resolved     _id: 'images@2.0.2',
34 silly resolved     _shasum: '9db96258604c643bfdafc0139d0dba2dab13d8ca',
34 silly resolved     _from: 'images@^2.0.2',
34 silly resolved     _resolved: 'http://registry.npm.taobao.org/images/download/images-2.0.2.tgz' } ]
35 info install images@2.0.2 into /home/boooo/git/Moreii-express
36 info installOne images@2.0.2
37 info /home/boooo/git/Moreii-express/node_modules/images unbuild
38 info preuninstall images@2.0.2
39 info uninstall images@2.0.2
40 verbose true,/home/boooo/git/Moreii-express/node_modules,/home/boooo/git/Moreii-express/node_modules unbuild images@2.0.2
41 info postuninstall images@2.0.2
42 info /home/boooo/git/Moreii-express/node_modules/images unbuild
43 error error rolling back Error: EACCES, unlink '/home/boooo/git/Moreii-express/node_modules/images/build/Makefile'
43 error error rolling back     at Error (native)
43 error error rolling back  images@2.0.2 { [Error: EACCES, unlink '/home/boooo/git/Moreii-express/node_modules/images/build/Makefile']
43 error error rolling back   stack: 'Error: EACCES, unlink \'/home/boooo/git/Moreii-express/node_modules/images/build/Makefile\'\n    at Error (native)',
43 error error rolling back   errno: -13,
43 error error rolling back   code: 'EACCES',
43 error error rolling back   path: '/home/boooo/git/Moreii-express/node_modules/images/build/Makefile' }
44 error Error: EACCES, unlink '/home/boooo/git/Moreii-express/node_modules/images/build/Makefile'
44 error     at Error (native)
44 error  { [Error: EACCES, unlink '/home/boooo/git/Moreii-express/node_modules/images/build/Makefile']
44 error   stack: 'Error: EACCES, unlink \'/home/boooo/git/Moreii-express/node_modules/images/build/Makefile\'\n    at Error (native)',
44 error   errno: -13,
44 error   code: 'EACCES',
44 error   path: '/home/boooo/git/Moreii-express/node_modules/images/build/Makefile' }
45 error Please try running this command again as root/Administrator.
46 error System Linux 3.13.0-26-generic
47 error command "node" "/usr/local/lib/node_modules/cnpm/node_modules/.bin/npm" "--userconfig=/home/boooo/.cnpmrc" "--disturl=http://npm.taobao.org/dist" "--cache=/home/boooo/.npm/.cache_cnpm" "--registry=http://registry.npm.taobao.org" "install" "images"
48 error cwd /home/boooo/git/Moreii-express
49 error node -v v0.11.13
50 error npm -v 1.4.10
51 error path /home/boooo/git/Moreii-express/node_modules/images/build/Makefile
52 error code EACCES
53 error errno -13
54 error stack Error: EACCES, unlink '/home/boooo/git/Moreii-express/node_modules/images/build/Makefile'
54 error stack     at Error (native)
55 verbose exit [ -13, true ]
